<?xml version="1.0" encoding="UTF-8"?>
<!-- Generated by org.testng.reporters.JUnitXMLReporter -->
<testsuite ignored="6" hostname="DESKTOP-6VFFB5C" failures="0" tests="1" name="Test" time="16.147" errors="0" timestamp="2024-07-01T07:56:04 IST">
  <testcase classname="AmazonTestCase.NewTestCases" name="jqueryDatePicker" time="6.766"/>
  <testcase classname="AmazonTestCase.NewTestCases" name="TC04" time="0.0">
    <ignored/>
  </testcase> <!-- TC04 -->
  <testcase classname="AmazonTestCase.NewTestCases" name="TC03" time="0.0">
    <ignored/>
  </testcase> <!-- TC03 -->
  <testcase classname="AmazonTestCase.NewTestCases" name="TC02" time="0.0">
    <ignored/>
  </testcase> <!-- TC02 -->
  <testcase classname="AmazonTestCase.NewTestCases" name="TC01" time="0.0">
    <ignored/>
  </testcase> <!-- TC01 -->
  <testcase classname="AmazonTestCase.NewTestCases" name="datePicker" time="0.0">
    <ignored/>
  </testcase> <!-- datePicker -->
  <testcase classname="AmazonTestCase.NewTestCases" name="TC05" time="0.0">
    <ignored/>
  </testcase> <!-- TC05 -->
</testsuite> <!-- Test -->
