<?xml version="1.0" encoding="UTF-8"?>
<!-- Generated by org.testng.reporters.JUnitXMLReporter -->
<testsuite ignored="5" hostname="DESKTOP-6VFFB5C" failures="0" tests="1" name="Test" time="30.391" errors="0" timestamp="2024-06-18T07:41:37 IST">
  <testcase classname="AmazonTestCase.AmazonTest" name="TC06" time="18.94"/>
  <testcase classname="AmazonTestCase.AmazonTest" name="TC02" time="0.0">
    <ignored/>
  </testcase> <!-- TC02 -->
  <testcase classname="AmazonTestCase.AmazonTest" name="TC01" time="0.0">
    <ignored/>
  </testcase> <!-- TC01 -->
  <testcase classname="AmazonTestCase.AmazonTest" name="TC04" time="0.0">
    <ignored/>
  </testcase> <!-- TC04 -->
  <testcase classname="AmazonTestCase.AmazonTest" name="TC03" time="0.0">
    <ignored/>
  </testcase> <!-- TC03 -->
  <testcase classname="AmazonTestCase.AmazonTest" name="TC05" time="0.0">
    <ignored/>
  </testcase> <!-- TC05 -->
</testsuite> <!-- Test -->
