<?xml version="1.0" encoding="UTF-8"?>
<testng-results ignored="0" total="1" passed="1" failed="0" skipped="0">
  <reporter-output>
  </reporter-output>
  <suite started-at="2024-06-18T07:41:06 IST" name="Suite" finished-at="2024-06-18T07:41:37 IST" duration-ms="30391">
    <groups>
    </groups>
    <test started-at="2024-06-18T07:41:06 IST" name="Test" finished-at="2024-06-18T07:41:37 IST" duration-ms="30391">
      <class name="AmazonTestCase.AmazonTest">
        <test-method is-config="true" signature="intialization()[pri:0, instance:AmazonTestCase.AmazonTest@3c77d488]" started-at="2024-06-18T07:41:07 IST" name="intialization" finished-at="2024-06-18T07:41:18 IST" duration-ms="11147" status="PASS">
          <reporter-output>
          </reporter-output>
        </test-method> <!-- intialization -->
        <test-method signature="TC06(java.lang.String,java.lang.String)[pri:0, instance:AmazonTestCase.AmazonTest@3c77d488]" started-at="2024-06-18T07:41:18 IST" name="TC06" finished-at="2024-06-18T07:41:37 IST" duration-ms="18940" status="PASS">
          <params>
            <param index="0">
              <value>
                <![CDATA[Admin]]>
              </value>
            </param>
            <param index="1">
              <value>
                <![CDATA[admin123]]>
              </value>
            </param>
          </params>
          <reporter-output>
          </reporter-output>
        </test-method> <!-- TC06 -->
      </class> <!-- AmazonTestCase.AmazonTest -->
    </test> <!-- Test -->
  </suite> <!-- Suite -->
</testng-results>
