<?xml version="1.0" encoding="UTF-8"?>
<testng-results ignored="0" total="1" passed="1" failed="0" skipped="0">
  <reporter-output>
  </reporter-output>
  <suite started-at="2024-07-01T07:55:47 IST" name="Suite" finished-at="2024-07-01T07:56:03 IST" duration-ms="16147">
    <groups>
    </groups>
    <test started-at="2024-07-01T07:55:47 IST" name="Test" finished-at="2024-07-01T07:56:03 IST" duration-ms="16147">
      <class name="AmazonTestCase.NewTestCases">
        <test-method is-config="true" signature="intialization()[pri:0, instance:AmazonTestCase.NewTestCases@52719fb6]" started-at="2024-07-01T07:55:47 IST" name="intialization" finished-at="2024-07-01T07:55:57 IST" duration-ms="9094" status="PASS">
          <reporter-output>
          </reporter-output>
        </test-method> <!-- intialization -->
        <test-method signature="jqueryDatePicker()[pri:0, instance:AmazonTestCase.NewTestCases@52719fb6]" started-at="2024-07-01T07:55:57 IST" name="jqueryDatePicker" finished-at="2024-07-01T07:56:03 IST" duration-ms="6766" status="PASS">
          <reporter-output>
          </reporter-output>
        </test-method> <!-- jqueryDatePicker -->
      </class> <!-- AmazonTestCase.NewTestCases -->
    </test> <!-- Test -->
  </suite> <!-- Suite -->
</testng-results>
